[0m[[0m[0mdebug[0m] [0m[0m> Exec(;Test/compile; collectAnalyses, None, Some(CommandSource(network-2)))[0m[0J
[0m[[0m[0mdebug[0m] [0m[0mjsonRpcNotify: JsonRpcNotificationMessage(2.0, build/logMessage, {"type":4,"message":"Processing"})[0m[0J
[0m[[0m[0mdebug[0m] [0m[0mjsonRpcNotify: JsonRpcNotificationMessage(2.0, build/logMessage, {"type":4,"message":"Done"})[0m[0J
[0m[[0m[0mdebug[0m] [0m[0m> Exec(Test/compile, None, Some(CommandSource(network-2)))[0m[0J
[0m[[0m[0mdebug[0m] [0m[0mjsonRpcNotify: JsonRpcNotificationMessage(2.0, build/logMessage, {"type":4,"message":"Processing"})[0m[0J
[0m[[0m[0mdebug[0m] [0m[0mEvaluating tasks: Test / compile[0m[0J
[0m[[0m[0mdebug[0m] [0m[0mRunning task... Cancel: bloop.integrations.sbt.Offloader$$anon$1@4468c0ea, check cycles: false, forcegc: true[0m[0J
[0m[[0m[0mdebug[0m] [0m[0mjsonRpcNotify: JsonRpcNotificationMessage(2.0, build/taskStart, {"taskId":{"id":"75","parents":[]},"eventTime":1622075276374,"message":"Compiling will-karas","dataKind":"compile-task","data":{"target":{"uri":"file:/C:/Users/gmixo/Desktop/Will-Karas/#will-karas/Compile"}}})[0m[0J
[0m[[0m[0mdebug[0m] [0m[0mjsonRpcNotify: JsonRpcNotificationMessage(2.0, build/publishDiagnostics, {"textDocument":{"uri":"file:///C:/Users/gmixo/Desktop/Will-Karas/src/main/scala/clustering/cure/CureArgs.scala"},"buildTarget":{"uri":"file:/C:/Users/gmixo/Desktop/Will-Karas/#will-karas/Compile"},"diagnostics":[],"reset":true})[0m[0J
[0m[[0m[0mdebug[0m] [0m[0mjsonRpcNotify: JsonRpcNotificationMessage(2.0, build/publishDiagnostics, {"textDocument":{"uri":"file:///C:/Users/gmixo/Desktop/Will-Karas/src/main/scala/clustering/structures/KDPoint.scala"},"buildTarget":{"uri":"file:/C:/Users/gmixo/Desktop/Will-Karas/#will-karas/Compile"},"diagnostics":[],"reset":true})[0m[0J
[0m[[0m[0mdebug[0m] [0m[0mjsonRpcNotify: JsonRpcNotificationMessage(2.0, build/publishDiagnostics, {"textDocument":{"uri":"file:///C:/Users/gmixo/Desktop/Will-Karas/src/main/scala/Kmeans.scala"},"buildTarget":{"uri":"file:/C:/Users/gmixo/Desktop/Will-Karas/#will-karas/Compile"},"diagnostics":[],"reset":true})[0m[0J
[0m[[0m[0mdebug[0m] [0m[0mjsonRpcNotify: JsonRpcNotificationMessage(2.0, build/publishDiagnostics, {"textDocument":{"uri":"file:///C:/Users/gmixo/Desktop/Will-Karas/src/main/scala/clustering/cure/CureAlgorithm.scala"},"buildTarget":{"uri":"file:/C:/Users/gmixo/Desktop/Will-Karas/#will-karas/Compile"},"diagnostics":[],"reset":true})[0m[0J
[0m[[0m[0mdebug[0m] [0m[0mjsonRpcNotify: JsonRpcNotificationMessage(2.0, build/publishDiagnostics, {"textDocument":{"uri":"file:///C:/Users/gmixo/Desktop/Will-Karas/src/main/scala/clustering/structures/Cluster.scala"},"buildTarget":{"uri":"file:/C:/Users/gmixo/Desktop/Will-Karas/#will-karas/Compile"},"diagnostics":[],"reset":true})[0m[0J
[0m[[0m[0mdebug[0m] [0m[0mjsonRpcNotify: JsonRpcNotificationMessage(2.0, build/publishDiagnostics, {"textDocument":{"uri":"file:///C:/Users/gmixo/Desktop/Will-Karas/src/main/scala/clustering/structures/KDTree.scala"},"buildTarget":{"uri":"file:/C:/Users/gmixo/Desktop/Will-Karas/#will-karas/Compile"},"diagnostics":[],"reset":true})[0m[0J
[0m[[0m[0mdebug[0m] [0m[0mjsonRpcNotify: JsonRpcNotificationMessage(2.0, build/publishDiagnostics, {"textDocument":{"uri":"file:///C:/Users/gmixo/Desktop/Will-Karas/src/main/scala/Cure.scala"},"buildTarget":{"uri":"file:/C:/Users/gmixo/Desktop/Will-Karas/#will-karas/Compile"},"diagnostics":[],"reset":true})[0m[0J
[0m[[0m[0mdebug[0m] [0m[0mjsonRpcNotify: JsonRpcNotificationMessage(2.0, build/publishDiagnostics, {"textDocument":{"uri":"file:///C:/Users/gmixo/Desktop/Will-Karas/src/main/scala/clustering/structures/KDNode.scala"},"buildTarget":{"uri":"file:/C:/Users/gmixo/Desktop/Will-Karas/#will-karas/Compile"},"diagnostics":[],"reset":true})[0m[0J
[0m[[0m[0mdebug[0m] [0m[0mjsonRpcNotify: JsonRpcNotificationMessage(2.0, build/publishDiagnostics, {"textDocument":{"uri":"file:///C:/Users/gmixo/Desktop/Will-Karas/src/main/scala/clustering/structures/MinHeap.scala"},"buildTarget":{"uri":"file:/C:/Users/gmixo/Desktop/Will-Karas/#will-karas/Compile"},"diagnostics":[],"reset":true})[0m[0J
[0m[[0m[0mdebug[0m] [0m[0mjsonRpcNotify: JsonRpcNotificationMessage(2.0, build/publishDiagnostics, {"textDocument":{"uri":"file:///C:/Users/gmixo/Desktop/Will-Karas/src/main/scala/bi-kmeans.scala"},"buildTarget":{"uri":"file:/C:/Users/gmixo/Desktop/Will-Karas/#will-karas/Compile"},"diagnostics":[],"reset":true})[0m[0J
[0m[[0m[0mdebug[0m] [0m[0mjsonRpcNotify: JsonRpcNotificationMessage(2.0, build/taskFinish, {"taskId":{"id":"75","parents":[]},"eventTime":1622075276403,"message":"Compiled will-karas","status":1,"dataKind":"compile-report","data":{"target":{"uri":"file:/C:/Users/gmixo/Desktop/Will-Karas/#will-karas/Compile"},"errors":0,"warnings":0,"time":29}})[0m[0J
[0m[[0m[0mdebug[0m] [0m[0mjsonRpcNotify: JsonRpcNotificationMessage(2.0, build/taskStart, {"taskId":{"id":"76","parents":[]},"eventTime":1622075276406,"message":"Compiling will-karas-test","dataKind":"compile-task","data":{"target":{"uri":"file:/C:/Users/gmixo/Desktop/Will-Karas/#will-karas/Test"}}})[0m[0J
[0m[[0m[0mdebug[0m] [0m[0mjsonRpcNotify: JsonRpcNotificationMessage(2.0, build/taskFinish, {"taskId":{"id":"76","parents":[]},"eventTime":1622075276415,"message":"Compiled will-karas-test","status":1,"dataKind":"compile-report","data":{"target":{"uri":"file:/C:/Users/gmixo/Desktop/Will-Karas/#will-karas/Test"},"errors":0,"warnings":0,"time":9}})[0m[0J
[0m[[0m[32msuccess[0m] [0m[0mTotal time: 0 s, completed 27 Μαϊ 2021 3:27:56 πμ[0m[0J
[0m[[0m[0mdebug[0m] [0m[0mjsonRpcNotify: JsonRpcNotificationMessage(2.0, build/logMessage, {"type":4,"message":"Done"})[0m[0J
[0m[[0m[0mdebug[0m] [0m[0m> Exec(collectAnalyses, None, Some(CommandSource(network-2)))[0m[0J
[0m[[0m[0mdebug[0m] [0m[0mjsonRpcNotify: JsonRpcNotificationMessage(2.0, build/logMessage, {"type":4,"message":"Processing"})[0m[0J
[0m[[0m[0mdebug[0m] [0m[0mEvaluating tasks: Compile / collectAnalyses[0m[0J
[0m[[0m[0mdebug[0m] [0m[0mRunning task... Cancel: bloop.integrations.sbt.Offloader$$anon$1@7c37ac3c, check cycles: false, forcegc: true[0m[0J
[0m[[0m[0mdebug[0m] [0m[0manalysis location (C:\Users\gmixo\Desktop\Will-Karas\target\scala-2.12\zinc\inc_compile_2.12.zip,true)[0m[0J
[0m[[0m[32msuccess[0m] [0m[0mTotal time: 0 s, completed 27 Μαϊ 2021 3:27:56 πμ[0m[0J
[0m[[0m[0mdebug[0m] [0m[0mjsonRpcNotify: JsonRpcNotificationMessage(2.0, build/logMessage, {"type":4,"message":"Done"})[0m[0J
[0m[[0m[0mdebug[0m] [0m[0m> Exec(shell, None, None)[0m[0J
